# JRE version: OpenJDK Runtime Environment Temurin-21.0.4+7 (21.0.4+7) (build 21.0.4+7-LTS)
# Java VM: OpenJDK 64-Bit Server VM Temurin-21.0.4+7 (21.0.4+7-LTS, mixed mode, emulated-client, tiered, compressed oops, compressed class ptrs, g1 gc, windows-amd64)
GC Precious Log:
 CardTable entry size: 512
 Card Set container configuration: InlinePtr #cards 5 size 8 Array Of Cards #cards 12 size 40 Howl #buckets 4 coarsen threshold 1843 Howl Bitmap #cards 512 size 80 coarsen threshold 460 Card regions per heap region 1 cards per card region 2048
 CPUs: 4 total, 4 available
 Memory: 3992M
 Large Page Support: Disabled
 NUMA Support: Disabled
 Compressed Oops: Enabled (32-bit)
 Heap Region Size: 1M
 Heap Min Capacity: 8M
 Heap Initial Capacity: 64M
 Heap Max Capacity: 1G
 Pre-touch: Disabled
 Parallel Workers: 4
 Concurrent Workers: 1
 Concurrent Refinement Workers: 4
 Periodic GC: Disabled
Heap:
 garbage-first heap   total 171008K, used 51497K [0x00000000c0000000, 0x0000000100000000)
  region size 1024K, 1 young (1024K), 0 survivors (0K)
 Metaspace       used 68140K, committed 68992K, reserved 1114112K
  class space    used 8316K, committed 8704K, reserved 1048576K
GC Heap History (20 events):
Event: 49079.871 GC heap after
{Heap after GC invocations=1884 (full 1767):
 garbage-first heap   total 171008K, used 51497K [0x00000000c0000000, 0x0000000100000000)
  region size 1024K, 0 young (0K), 0 survivors (0K)
 Metaspace       used 68140K, committed 68992K, reserved 1114112K
  class space    used 8316K, committed 8704K, reserved 1048576K
}
Event: 49090.077 GC heap before
{Heap before GC invocations=1884 (full 1767):
 garbage-first heap   total 171008K, used 51497K [0x00000000c0000000, 0x0000000100000000)
  region size 1024K, 1 young (1024K), 0 survivors (0K)
 Metaspace       used 68140K, committed 68992K, reserved 1114112K
  class space    used 8316K, committed 8704K, reserved 1048576K
}
Event: 49090.141 GC heap after
{Heap after GC invocations=1885 (full 1768):
 garbage-first heap   total 171008K, used 51497K [0x00000000c0000000, 0x0000000100000000)
  region size 1024K, 0 young (0K), 0 survivors (0K)
 Metaspace       used 68140K, committed 68992K, reserved 1114112K
  class space    used 8316K, committed 8704K, reserved 1048576K
}
Event: 49100.425 GC heap before
{Heap before GC invocations=1885 (full 1768):
 garbage-first heap   total 171008K, used 51497K [0x00000000c0000000, 0x0000000100000000)
  region size 1024K, 1 young (1024K), 0 survivors (0K)
 Metaspace       used 68140K, committed 68992K, reserved 1114112K
  class space    used 8316K, committed 8704K, reserved 1048576K
}
Event: 49100.502 GC heap after
{Heap after GC invocations=1886 (full 1769):
 garbage-first heap   total 171008K, used 51497K [0x00000000c0000000, 0x0000000100000000)
  region size 1024K, 0 young (0K), 0 survivors (0K)
 Metaspace       used 68140K, committed 68992K, reserved 1114112K
  class space    used 8316K, committed 8704K, reserved 1048576K
}
Event: 49110.834 GC heap before
{Heap before GC invocations=1886 (full 1769):
 garbage-first heap   total 171008K, used 51497K [0x00000000c0000000, 0x0000000100000000)
  region size 1024K, 1 young (1024K), 0 survivors (0K)
 Metaspace       used 68140K, committed 68992K, reserved 1114112K
  class space    used 8316K, committed 8704K, reserved 1048576K
}
Event: 49110.908 GC heap after
{Heap after GC invocations=1887 (full 1770):
 garbage-first heap   total 171008K, used 51497K [0x00000000c0000000, 0x0000000100000000)
  region size 1024K, 0 young (0K), 0 survivors (0K)
 Metaspace       used 68140K, committed 68992K, reserved 1114112K
  class space    used 8316K, committed 8704K, reserved 1048576K
}
Event: 49121.551 GC heap before
{Heap before GC invocations=1887 (full 1770):
 garbage-first heap   total 171008K, used 51497K [0x00000000c0000000, 0x0000000100000000)
  region size 1024K, 1 young (1024K), 0 survivors (0K)
 Metaspace       used 68140K, committed 68992K, reserved 1114112K
  class space    used 8316K, committed 8704K, reserved 1048576K
}
Event: 49121.635 GC heap after
{Heap after GC invocations=1888 (full 1771):
 garbage-first heap   total 171008K, used 51497K [0x00000000c0000000, 0x0000000100000000)
  region size 1024K, 0 young (0K), 0 survivors (0K)
 Metaspace       used 68140K, committed 68992K, reserved 1114112K
  class space    used 8316K, committed 8704K, reserved 1048576K
}
Event: 49132.561 GC heap before
{Heap before GC invocations=1888 (full 1771):
 garbage-first heap   total 171008K, used 51497K [0x00000000c0000000, 0x0000000100000000)
  region size 1024K, 1 young (1024K), 0 survivors (0K)
 Metaspace       used 68140K, committed 68992K, reserved 1114112K
  class space    used 8316K, committed 8704K, reserved 1048576K
}
Event: 49132.648 GC heap after
{Heap after GC invocations=1889 (full 1772):
 garbage-first heap   total 171008K, used 51497K [0x00000000c0000000, 0x0000000100000000)
  region size 1024K, 0 young (0K), 0 survivors (0K)
 Metaspace       used 68140K, committed 68992K, reserved 1114112K
  class space    used 8316K, committed 8704K, reserved 1048576K
}
Event: 49143.043 GC heap before
{Heap before GC invocations=1889 (full 1772):
 garbage-first heap   total 171008K, used 51497K [0x00000000c0000000, 0x0000000100000000)
  region size 1024K, 1 young (1024K), 0 survivors (0K)
 Metaspace       used 68140K, committed 68992K, reserved 1114112K
  class space    used 8316K, committed 8704K, reserved 1048576K
}
Event: 49143.122 GC heap after
{Heap after GC invocations=1890 (full 1773):
 garbage-first heap   total 171008K, used 51497K [0x00000000c0000000, 0x0000000100000000)
  region size 1024K, 0 young (0K), 0 survivors (0K)
 Metaspace       used 68140K, committed 68992K, reserved 1114112K
  class space    used 8316K, committed 8704K, reserved 1048576K
}
Event: 49153.385 GC heap before
{Heap before GC invocations=1890 (full 1773):
 garbage-first heap   total 171008K, used 51497K [0x00000000c0000000, 0x0000000100000000)
  region size 1024K, 1 young (1024K), 0 survivors (0K)
 Metaspace       used 68140K, committed 68992K, reserved 1114112K
  class space    used 8316K, committed 8704K, reserved 1048576K
}
Event: 49153.463 GC heap after
{Heap after GC invocations=1891 (full 1774):
 garbage-first heap   total 171008K, used 51497K [0x00000000c0000000, 0x0000000100000000)
  region size 1024K, 0 young (0K), 0 survivors (0K)
 Metaspace       used 68140K, committed 68992K, reserved 1114112K
  class space    used 8316K, committed 8704K, reserved 1048576K
}
Event: 49163.689 GC heap before
{Heap before GC invocations=1891 (full 1774):
 garbage-first heap   total 171008K, used 51497K [0x00000000c0000000, 0x0000000100000000)
  region size 1024K, 1 young (1024K), 0 survivors (0K)
 Metaspace       used 68140K, committed 68992K, reserved 1114112K
  class space    used 8316K, committed 8704K, reserved 1048576K
}
Event: 49163.768 GC heap after
{Heap after GC invocations=1892 (full 1775):
 garbage-first heap   total 171008K, used 51497K [0x00000000c0000000, 0x0000000100000000)
  region size 1024K, 0 young (0K), 0 survivors (0K)
 Metaspace       used 68140K, committed 68992K, reserved 1114112K
  class space    used 8316K, committed 8704K, reserved 1048576K
}
Event: 49173.994 GC heap before
{Heap before GC invocations=1892 (full 1775):
 garbage-first heap   total 171008K, used 51497K [0x00000000c0000000, 0x0000000100000000)
  region size 1024K, 1 young (1024K), 0 survivors (0K)
 Metaspace       used 68140K, committed 68992K, reserved 1114112K
  class space    used 8316K, committed 8704K, reserved 1048576K
}
Event: 49174.064 GC heap after
{Heap after GC invocations=1893 (full 1776):
 garbage-first heap   total 171008K, used 51497K [0x00000000c0000000, 0x0000000100000000)
  region size 1024K, 0 young (0K), 0 survivors (0K)
 Metaspace       used 68140K, committed 68992K, reserved 1114112K
  class space    used 8316K, committed 8704K, reserved 1048576K
}
Event: 49184.509 GC heap before
{Heap before GC invocations=1893 (full 1776):
 garbage-first heap   total 171008K, used 51497K [0x00000000c0000000, 0x0000000100000000)
  region size 1024K, 1 young (1024K), 0 survivors (0K)
 Metaspace       used 68140K, committed 68992K, reserved 1114112K
  class space    used 8316K, committed 8704K, reserved 1048576K
}

