# JRE version: OpenJDK Runtime Environment Temurin-21.0.4+7 (21.0.4+7) (build 21.0.4+7-LTS)
# Java VM: OpenJDK 64-Bit Server VM Temurin-21.0.4+7 (21.0.4+7-LTS, mixed mode, emulated-client, tiered, compressed oops, compressed class ptrs, g1 gc, windows-amd64)
GC Precious Log:
 CardTable entry size: 512
 Card Set container configuration: InlinePtr #cards 5 size 8 Array Of Cards #cards 12 size 40 Howl #buckets 4 coarsen threshold 1843 Howl Bitmap #cards 512 size 80 coarsen threshold 460 Card regions per heap region 1 cards per card region 2048
 CPUs: 4 total, 4 available
 Memory: 3992M
 Large Page Support: Disabled
 NUMA Support: Disabled
 Compressed Oops: Enabled (32-bit)
 Heap Region Size: 1M
 Heap Min Capacity: 8M
 Heap Initial Capacity: 64M
 Heap Max Capacity: 1G
 Pre-touch: Disabled
 Parallel Workers: 4
 Concurrent Workers: 1
 Concurrent Refinement Workers: 4
 Periodic GC: Disabled
Heap:
 garbage-first heap   total 178176K, used 52035K [0x00000000c0000000, 0x0000000100000000)
  region size 1024K, 1 young (1024K), 0 survivors (0K)
 Metaspace       used 70388K, committed 71232K, reserved 1114112K
  class space    used 8950K, committed 9280K, reserved 1048576K
GC Heap History (20 events):
Event: 3770.204 GC heap after
{Heap after GC invocations=335 (full 298):
 garbage-first heap   total 178176K, used 52035K [0x00000000c0000000, 0x0000000100000000)
  region size 1024K, 0 young (0K), 0 survivors (0K)
 Metaspace       used 70388K, committed 71232K, reserved 1114112K
  class space    used 8950K, committed 9280K, reserved 1048576K
}
Event: 3780.446 GC heap before
{Heap before GC invocations=335 (full 298):
 garbage-first heap   total 178176K, used 52035K [0x00000000c0000000, 0x0000000100000000)
  region size 1024K, 1 young (1024K), 0 survivors (0K)
 Metaspace       used 70388K, committed 71232K, reserved 1114112K
  class space    used 8950K, committed 9280K, reserved 1048576K
}
Event: 3780.505 GC heap after
{Heap after GC invocations=336 (full 299):
 garbage-first heap   total 178176K, used 52035K [0x00000000c0000000, 0x0000000100000000)
  region size 1024K, 0 young (0K), 0 survivors (0K)
 Metaspace       used 70388K, committed 71232K, reserved 1114112K
  class space    used 8950K, committed 9280K, reserved 1048576K
}
Event: 3790.794 GC heap before
{Heap before GC invocations=336 (full 299):
 garbage-first heap   total 178176K, used 52035K [0x00000000c0000000, 0x0000000100000000)
  region size 1024K, 1 young (1024K), 0 survivors (0K)
 Metaspace       used 70388K, committed 71232K, reserved 1114112K
  class space    used 8950K, committed 9280K, reserved 1048576K
}
Event: 3790.848 GC heap after
{Heap after GC invocations=337 (full 300):
 garbage-first heap   total 178176K, used 52035K [0x00000000c0000000, 0x0000000100000000)
  region size 1024K, 0 young (0K), 0 survivors (0K)
 Metaspace       used 70388K, committed 71232K, reserved 1114112K
  class space    used 8950K, committed 9280K, reserved 1048576K
}
Event: 3801.801 GC heap before
{Heap before GC invocations=337 (full 300):
 garbage-first heap   total 178176K, used 52035K [0x00000000c0000000, 0x0000000100000000)
  region size 1024K, 1 young (1024K), 0 survivors (0K)
 Metaspace       used 70388K, committed 71232K, reserved 1114112K
  class space    used 8950K, committed 9280K, reserved 1048576K
}
Event: 3801.857 GC heap after
{Heap after GC invocations=338 (full 301):
 garbage-first heap   total 178176K, used 52035K [0x00000000c0000000, 0x0000000100000000)
  region size 1024K, 0 young (0K), 0 survivors (0K)
 Metaspace       used 70388K, committed 71232K, reserved 1114112K
  class space    used 8950K, committed 9280K, reserved 1048576K
}
Event: 3813.599 GC heap before
{Heap before GC invocations=338 (full 301):
 garbage-first heap   total 178176K, used 52035K [0x00000000c0000000, 0x0000000100000000)
  region size 1024K, 1 young (1024K), 0 survivors (0K)
 Metaspace       used 70388K, committed 71232K, reserved 1114112K
  class space    used 8950K, committed 9280K, reserved 1048576K
}
Event: 3813.650 GC heap after
{Heap after GC invocations=339 (full 302):
 garbage-first heap   total 178176K, used 52035K [0x00000000c0000000, 0x0000000100000000)
  region size 1024K, 0 young (0K), 0 survivors (0K)
 Metaspace       used 70388K, committed 71232K, reserved 1114112K
  class space    used 8950K, committed 9280K, reserved 1048576K
}
Event: 3825.017 GC heap before
{Heap before GC invocations=339 (full 302):
 garbage-first heap   total 178176K, used 52035K [0x00000000c0000000, 0x0000000100000000)
  region size 1024K, 1 young (1024K), 0 survivors (0K)
 Metaspace       used 70388K, committed 71232K, reserved 1114112K
  class space    used 8950K, committed 9280K, reserved 1048576K
}
Event: 3825.265 GC heap after
{Heap after GC invocations=340 (full 303):
 garbage-first heap   total 178176K, used 52035K [0x00000000c0000000, 0x0000000100000000)
  region size 1024K, 0 young (0K), 0 survivors (0K)
 Metaspace       used 70388K, committed 71232K, reserved 1114112K
  class space    used 8950K, committed 9280K, reserved 1048576K
}
Event: 3835.524 GC heap before
{Heap before GC invocations=340 (full 303):
 garbage-first heap   total 178176K, used 52035K [0x00000000c0000000, 0x0000000100000000)
  region size 1024K, 1 young (1024K), 0 survivors (0K)
 Metaspace       used 70388K, committed 71232K, reserved 1114112K
  class space    used 8950K, committed 9280K, reserved 1048576K
}
Event: 3835.576 GC heap after
{Heap after GC invocations=341 (full 304):
 garbage-first heap   total 178176K, used 52035K [0x00000000c0000000, 0x0000000100000000)
  region size 1024K, 0 young (0K), 0 survivors (0K)
 Metaspace       used 70388K, committed 71232K, reserved 1114112K
  class space    used 8950K, committed 9280K, reserved 1048576K
}
Event: 3846.411 GC heap before
{Heap before GC invocations=341 (full 304):
 garbage-first heap   total 178176K, used 52035K [0x00000000c0000000, 0x0000000100000000)
  region size 1024K, 1 young (1024K), 0 survivors (0K)
 Metaspace       used 70388K, committed 71232K, reserved 1114112K
  class space    used 8950K, committed 9280K, reserved 1048576K
}
Event: 3846.468 GC heap after
{Heap after GC invocations=342 (full 305):
 garbage-first heap   total 178176K, used 52035K [0x00000000c0000000, 0x0000000100000000)
  region size 1024K, 0 young (0K), 0 survivors (0K)
 Metaspace       used 70388K, committed 71232K, reserved 1114112K
  class space    used 8950K, committed 9280K, reserved 1048576K
}
Event: 3857.744 GC heap before
{Heap before GC invocations=342 (full 305):
 garbage-first heap   total 178176K, used 52035K [0x00000000c0000000, 0x0000000100000000)
  region size 1024K, 1 young (1024K), 0 survivors (0K)
 Metaspace       used 70388K, committed 71232K, reserved 1114112K
  class space    used 8950K, committed 9280K, reserved 1048576K
}
Event: 3857.867 GC heap after
{Heap after GC invocations=343 (full 306):
 garbage-first heap   total 178176K, used 52035K [0x00000000c0000000, 0x0000000100000000)
  region size 1024K, 0 young (0K), 0 survivors (0K)
 Metaspace       used 70388K, committed 71232K, reserved 1114112K
  class space    used 8950K, committed 9280K, reserved 1048576K
}
Event: 3868.779 GC heap before
{Heap before GC invocations=343 (full 306):
 garbage-first heap   total 178176K, used 52035K [0x00000000c0000000, 0x0000000100000000)
  region size 1024K, 1 young (1024K), 0 survivors (0K)
 Metaspace       used 70388K, committed 71232K, reserved 1114112K
  class space    used 8950K, committed 9280K, reserved 1048576K
}
Event: 3868.834 GC heap after
{Heap after GC invocations=344 (full 307):
 garbage-first heap   total 178176K, used 52035K [0x00000000c0000000, 0x0000000100000000)
  region size 1024K, 0 young (0K), 0 survivors (0K)
 Metaspace       used 70388K, committed 71232K, reserved 1114112K
  class space    used 8950K, committed 9280K, reserved 1048576K
}
Event: 3880.507 GC heap before
{Heap before GC invocations=344 (full 307):
 garbage-first heap   total 178176K, used 52035K [0x00000000c0000000, 0x0000000100000000)
  region size 1024K, 1 young (1024K), 0 survivors (0K)
 Metaspace       used 70388K, committed 71232K, reserved 1114112K
  class space    used 8950K, committed 9280K, reserved 1048576K
}

